<?xml version="1.0" encoding="UTF-8"?>
<!-- Generated by org.testng.reporters.JUnitReportReporter -->
<testsuite hostname="Aaqibs-MacBook-Pro.local" failures="0" tests="3" name="com.ounass.qa.testcases.LoginPageTest" time="70.572" errors="0" timestamp="2023-04-09T23:13:31 PKT" skipped="0">
  <testcase classname="com.ounass.qa.testcases.LoginPageTest" name="loginTest" time="27.779"/>
  <system-out/>
  <testcase classname="com.ounass.qa.testcases.LoginPageTest" name="loginbtnTest" time="22.663"/>
  <system-out/>
  <testcase classname="com.ounass.qa.testcases.LoginPageTest" name="loginPageTitleTest" time="20.130"/>
  <system-out/>
</testsuite> <!-- com.ounass.qa.testcases.LoginPageTest -->
